INFO main Traveluro - Traveluro home page is displayed
INFO main Traveluro - portal verification-----------------------------------------
INFO main Traveluro - Traveluro home page is displayed
INFO main Traveluro - Click on login link
INFO main Traveluro - Click on SignUp link
INFO main Traveluro - First name entered
INFO main Traveluro - Email is entered
INFO main Traveluro - password is entered
INFO main Traveluro - Confirmation password is entered
INFO main Traveluro - Terms of service check box is Selected
INFO main Traveluro - Privacy and Policy Check box is selected
INFO main Traveluro - Click on create account button
INFO main Traveluro - Exist account error message is displayed
INFO main Traveluro - Traveluro home page is displayed
INFO main Traveluro - login link is clicked
INFO main Traveluro - Email is Entered
INFO main Traveluro - Password is Entered
INFO main Traveluro - Click on login button
INFO main Traveluro - verified the logon user name
INFO main Traveluro - Traveluro home page is displayed
INFO main Traveluro - Destination place is selected
INFO main Traveluro - Date is selected
INFO main Traveluro - Room and Adults is selected
INFO main Traveluro - Click on go button
INFO main Traveluro - Verified the search page
INFO main Traveluro - Traveluro home page is displayed
INFO main Traveluro - Destination place is selected
INFO main Traveluro - Date is selected
INFO main Traveluro - Room and Adults is selected
INFO main Traveluro - Click on go button
INFO main Traveluro - Click on view button
INFO main Traveluro - Verified the hotel page
INFO main Traveluro - Traveluro home page is displayed
INFO main Traveluro - Destination place is selected
INFO main Traveluro - Date is selected
INFO main Traveluro - Room and Adults is selected
INFO main Traveluro - Click on go button
INFO main Traveluro - Click on view button
INFO main Traveluro - Click on bookNow button
INFO main Traveluro - Verified Booking page
INFO main Traveluro - Traveluro home page is displayed
INFO main Traveluro - portal verification-----------------------------------------
INFO main Traveluro - Traveluro home page is displayed
INFO main Traveluro - Click on login link
INFO main Traveluro - Click on SignUp link
INFO main Traveluro - First name entered
INFO main Traveluro - Email is entered
INFO main Traveluro - password is entered
INFO main Traveluro - Confirmation password is entered
INFO main Traveluro - Terms of service check box is Selected
INFO main Traveluro - Privacy and Policy Check box is selected
INFO main Traveluro - Click on create account button
INFO main Traveluro - Exist account error message is displayed
INFO main Traveluro - Traveluro home page is displayed
INFO main Traveluro - login link is clicked
INFO main Traveluro - Email is Entered
INFO main Traveluro - Password is Entered
INFO main Traveluro - Click on login button
INFO main Traveluro - Traveluro home page is displayed
INFO main Traveluro - portal verification-----------------------------------------
INFO main Traveluro - Traveluro home page is displayed
INFO main Traveluro - Click on login link
INFO main Traveluro - Click on SignUp link
INFO main Traveluro - First name entered
INFO main Traveluro - Email is entered
INFO main Traveluro - password is entered
INFO main Traveluro - Confirmation password is entered
INFO main Traveluro - Terms of service check box is Selected
INFO main Traveluro - Privacy and Policy Check box is selected
INFO main Traveluro - Click on create account button
INFO main Traveluro - Exist account error message is displayed
INFO main Traveluro - Traveluro home page is displayed
INFO main Traveluro - login link is clicked
INFO main Traveluro - Email is Entered
INFO main Traveluro - Password is Entered
INFO main Traveluro - Click on login button
INFO main Traveluro - verified the logon user name
INFO main Traveluro - Traveluro home page is displayed
INFO main Traveluro - Destination place is selected
INFO main Traveluro - Date is selected
INFO main Traveluro - Room and Adults is selected
INFO main Traveluro - Click on go button
INFO main Traveluro - Verified the search page
INFO main Traveluro - Traveluro home page is displayed
INFO main Traveluro - Destination place is selected
INFO main Traveluro - Date is selected
INFO main Traveluro - Room and Adults is selected
INFO main Traveluro - Click on go button
INFO main Traveluro - Click on view button
INFO main Traveluro - Verified the hotel page
INFO main Traveluro - Traveluro home page is displayed
INFO main Traveluro - Destination place is selected
INFO main Traveluro - Date is selected
INFO main Traveluro - Room and Adults is selected
INFO main Traveluro - Click on go button
INFO main Traveluro - Click on view button
INFO main Traveluro - Click on bookNow button
INFO main Traveluro - Verified Booking page
INFO main Traveluro - Traveluro home page is displayed
INFO main Traveluro - portal verification-----------------------------------------
INFO main Traveluro - Traveluro home page is displayed
INFO main Traveluro - Click on login link
INFO main Traveluro - Click on SignUp link
INFO main Traveluro - First name entered
INFO main Traveluro - Email is entered
INFO main Traveluro - password is entered
INFO main Traveluro - Confirmation password is entered
INFO main Traveluro - Terms of service check box is Selected
INFO main Traveluro - Privacy and Policy Check box is selected
INFO main Traveluro - Click on create account button
INFO main Traveluro - Exist account error message is displayed
INFO main Traveluro - Traveluro home page is displayed
INFO main Traveluro - login link is clicked
INFO main Traveluro - Email is Entered
INFO main Traveluro - Password is Entered
INFO main Traveluro - Click on login button
INFO main Traveluro - verified the logon user name
INFO main Traveluro - Traveluro home page is displayed
INFO main Traveluro - Destination place is selected
INFO main Traveluro - Date is selected
INFO main Traveluro - Room and Adults is selected
INFO main Traveluro - Click on go button
INFO main Traveluro - Verified the search page
INFO main Traveluro - Traveluro home page is displayed
INFO main Traveluro - Destination place is selected
INFO main Traveluro - Date is selected
INFO main Traveluro - Room and Adults is selected
INFO main Traveluro - Click on go button
INFO main Traveluro - Click on view button
INFO main Traveluro - Verified the hotel page
INFO main Traveluro - Traveluro home page is displayed
INFO main Traveluro - Destination place is selected
INFO main Traveluro - Date is selected
INFO main Traveluro - Room and Adults is selected
INFO main Traveluro - Click on go button
INFO main Traveluro - Click on view button
INFO main Traveluro - Click on bookNow button
INFO main Traveluro - Verified Booking page
